#! /usr/local/bin/vvp
:ivl_version "10.2 (stable)" "(v10_2)";
:ivl_delay_selection "TYPICAL";
:vpi_time_precision - 9;
:vpi_module "system";
:vpi_module "vhdl_sys";
:vpi_module "v2005_math";
:vpi_module "va_math";
S_0x801c92480 .scope module, "op2_test" "op2_test" 2 44;
 .timescale -9 -9;
v0x801c890a0_0 .var "clock", 0 0;
v0x801d022a0_0 .var/i "clock_length", 31 0;
v0x801d02340_0 .var/i "clock_margin", 31 0;
v0x801d023e0_0 .var "data0_in", 11 0;
v0x801d02480_0 .var "data10_in", 11 0;
v0x801d02520_0 .var "data11_in", 11 0;
v0x801d025c0_0 .var "data12_in", 11 0;
v0x801d02660_0 .var "data13_in", 11 0;
v0x801d02700_0 .var "data14_in", 11 0;
v0x801d027a0_0 .var "data15_in", 11 0;
v0x801d02840_0 .var "data1_in", 11 0;
v0x801d028e0_0 .var "data2_in", 11 0;
v0x801d02980_0 .var "data3_in", 11 0;
v0x801d02a20_0 .var "data4_in", 11 0;
v0x801d02ac0_0 .var "data5_in", 11 0;
v0x801d02b60_0 .var "data6_in", 11 0;
v0x801d02c00_0 .var "data7_in", 11 0;
v0x801d02ca0_0 .var "data8_in", 11 0;
v0x801d02d40_0 .var "data9_in", 11 0;
v0x801d02de0_0 .var "reset", 0 0;
v0x801d02e80_0 .net "result", 15 0, L_0x801c9cfc0;  1 drivers
S_0x801c92600 .scope task, "do_reset" "do_reset" 2 66, 2 66 0, S_0x801c92480;
 .timescale -9 -9;
TD_op2_test.do_reset ;
    %pushi/vec4 1, 0, 1;
    %store/vec4 v0x801d02de0_0, 0, 1;
    %fork TD_op2_test.wait_for_next_clock, S_0x801c92a80;
    %join;
    %pushi/vec4 0, 0, 1;
    %store/vec4 v0x801d02de0_0, 0, 1;
    %load/vec4 v0x801d02340_0;
    %pad/s 64;
    %muli 1, 0, 64;
    %ix/vec4 4;
    %delayx 4;
    %pushi/vec4 1, 0, 1;
    %store/vec4 v0x801d02de0_0, 0, 1;
    %end;
S_0x801c92780 .scope module, "op2" "op2" 2 113, 3 9 0, S_0x801c92480;
 .timescale -9 -9;
    .port_info 0 /INPUT 1 "clock"
    .port_info 1 /INPUT 1 "reset"
    .port_info 2 /INPUT 12 "data0_in"
    .port_info 3 /INPUT 12 "data1_in"
    .port_info 4 /INPUT 12 "data2_in"
    .port_info 5 /INPUT 12 "data3_in"
    .port_info 6 /INPUT 12 "data4_in"
    .port_info 7 /INPUT 12 "data5_in"
    .port_info 8 /INPUT 12 "data6_in"
    .port_info 9 /INPUT 12 "data7_in"
    .port_info 10 /INPUT 12 "data8_in"
    .port_info 11 /INPUT 12 "data9_in"
    .port_info 12 /INPUT 12 "data10_in"
    .port_info 13 /INPUT 12 "data11_in"
    .port_info 14 /INPUT 12 "data12_in"
    .port_info 15 /INPUT 12 "data13_in"
    .port_info 16 /INPUT 12 "data14_in"
    .port_info 17 /INPUT 12 "data15_in"
    .port_info 18 /OUTPUT 16 "data_out"
L_0x801c9cfc0 .functor BUFZ 16, v0x801d02160_0, C4<0000000000000000>, C4<0000000000000000>, C4<0000000000000000>;
v0x801c89000_0 .net "clock", 0 0, v0x801c890a0_0;  1 drivers
v0x801d01580_0 .net "data0_in", 11 0, v0x801d023e0_0;  1 drivers
v0x801d01620_0 .net "data10_in", 11 0, v0x801d02480_0;  1 drivers
v0x801d016c0_0 .net "data11_in", 11 0, v0x801d02520_0;  1 drivers
v0x801d01760_0 .net "data12_in", 11 0, v0x801d025c0_0;  1 drivers
v0x801d01800_0 .net "data13_in", 11 0, v0x801d02660_0;  1 drivers
v0x801d018a0_0 .net "data14_in", 11 0, v0x801d02700_0;  1 drivers
v0x801d01940_0 .net "data15_in", 11 0, v0x801d027a0_0;  1 drivers
v0x801d019e0_0 .net "data1_in", 11 0, v0x801d02840_0;  1 drivers
v0x801d01a80_0 .net "data2_in", 11 0, v0x801d028e0_0;  1 drivers
v0x801d01b20_0 .net "data3_in", 11 0, v0x801d02980_0;  1 drivers
v0x801d01bc0_0 .net "data4_in", 11 0, v0x801d02a20_0;  1 drivers
v0x801d01c60_0 .net "data5_in", 11 0, v0x801d02ac0_0;  1 drivers
v0x801d01d00_0 .net "data6_in", 11 0, v0x801d02b60_0;  1 drivers
v0x801d01da0_0 .net "data7_in", 11 0, v0x801d02c00_0;  1 drivers
v0x801d01e40_0 .net "data8_in", 11 0, v0x801d02ca0_0;  1 drivers
v0x801d01ee0_0 .net "data9_in", 11 0, v0x801d02d40_0;  1 drivers
v0x801d01f80_0 .net "data_out", 15 0, L_0x801c9cfc0;  alias, 1 drivers
v0x801d02020_0 .net "reset", 0 0, v0x801d02de0_0;  1 drivers
v0x801d020c0_0 .net "tmp_out", 15 0, L_0x801d59aa0;  1 drivers
v0x801d02160_0 .var "tmp_reg", 15 0;
E_0x801c796b0/0 .event negedge, v0x801d02020_0;
E_0x801c796b0/1 .event posedge, v0x801c89000_0;
E_0x801c796b0 .event/or E_0x801c796b0/0, E_0x801c796b0/1;
S_0x801c92900 .scope module, "add16" "add16_2" 3 30, 2 4 0, S_0x801c92780;
 .timescale -9 -9;
    .port_info 0 /INPUT 12 "data0x"
    .port_info 1 /INPUT 12 "data1x"
    .port_info 2 /INPUT 12 "data2x"
    .port_info 3 /INPUT 12 "data3x"
    .port_info 4 /INPUT 12 "data4x"
    .port_info 5 /INPUT 12 "data5x"
    .port_info 6 /INPUT 12 "data6x"
    .port_info 7 /INPUT 12 "data7x"
    .port_info 8 /INPUT 12 "data8x"
    .port_info 9 /INPUT 12 "data9x"
    .port_info 10 /INPUT 12 "data10x"
    .port_info 11 /INPUT 12 "data11x"
    .port_info 12 /INPUT 12 "data12x"
    .port_info 13 /INPUT 12 "data13x"
    .port_info 14 /INPUT 12 "data14x"
    .port_info 15 /INPUT 12 "data15x"
    .port_info 16 /OUTPUT 16 "result"
v0x801c891e0_0 .net *"_s0", 12 0, L_0x801d02f20;  1 drivers
v0x801c8cca0_0 .net *"_s10", 12 0, L_0x801d03100;  1 drivers
v0x801c8cd40_0 .net *"_s100", 13 0, L_0x801d591e0;  1 drivers
L_0x801d09468 .functor BUFT 1, C4<0>, C4<0>, C4<0>, C4<0>;
v0x801c8cde0_0 .net *"_s103", 0 0, L_0x801d09468;  1 drivers
v0x801c8ce80_0 .net *"_s104", 13 0, L_0x801d59280;  1 drivers
L_0x801d094b0 .functor BUFT 1, C4<0>, C4<0>, C4<0>, C4<0>;
v0x801c8cf20_0 .net *"_s107", 0 0, L_0x801d094b0;  1 drivers
v0x801c8cfc0_0 .net *"_s110", 13 0, L_0x801d593c0;  1 drivers
L_0x801d094f8 .functor BUFT 1, C4<0>, C4<0>, C4<0>, C4<0>;
v0x801c8d060_0 .net *"_s113", 0 0, L_0x801d094f8;  1 drivers
v0x801c8d100_0 .net *"_s114", 13 0, L_0x801d59460;  1 drivers
L_0x801d09540 .functor BUFT 1, C4<0>, C4<0>, C4<0>, C4<0>;
v0x801c8d1a0_0 .net *"_s117", 0 0, L_0x801d09540;  1 drivers
v0x801c8d240_0 .net *"_s120", 14 0, L_0x801d595a0;  1 drivers
L_0x801d09588 .functor BUFT 1, C4<0>, C4<0>, C4<0>, C4<0>;
v0x801c8d2e0_0 .net *"_s123", 0 0, L_0x801d09588;  1 drivers
v0x801c8d380_0 .net *"_s124", 14 0, L_0x801d59640;  1 drivers
L_0x801d095d0 .functor BUFT 1, C4<0>, C4<0>, C4<0>, C4<0>;
v0x801c8d420_0 .net *"_s127", 0 0, L_0x801d095d0;  1 drivers
L_0x801d08f58 .functor BUFT 1, C4<0>, C4<0>, C4<0>, C4<0>;
v0x801c8d4c0_0 .net *"_s13", 0 0, L_0x801d08f58;  1 drivers
v0x801c8d560_0 .net *"_s130", 14 0, L_0x801d59780;  1 drivers
L_0x801d09618 .functor BUFT 1, C4<0>, C4<0>, C4<0>, C4<0>;
v0x801c8d600_0 .net *"_s133", 0 0, L_0x801d09618;  1 drivers
v0x801c8d6a0_0 .net *"_s134", 14 0, L_0x801d59820;  1 drivers
L_0x801d09660 .functor BUFT 1, C4<0>, C4<0>, C4<0>, C4<0>;
v0x801c8d740_0 .net *"_s137", 0 0, L_0x801d09660;  1 drivers
v0x801c8d7e0_0 .net *"_s14", 12 0, L_0x801d031a0;  1 drivers
v0x801c8d880_0 .net *"_s140", 15 0, L_0x801d59960;  1 drivers
L_0x801d096a8 .functor BUFT 1, C4<0>, C4<0>, C4<0>, C4<0>;
v0x801c8d920_0 .net *"_s143", 0 0, L_0x801d096a8;  1 drivers
v0x801c8d9c0_0 .net *"_s144", 15 0, L_0x801d59a00;  1 drivers
L_0x801d096f0 .functor BUFT 1, C4<0>, C4<0>, C4<0>, C4<0>;
v0x801c8da60_0 .net *"_s147", 0 0, L_0x801d096f0;  1 drivers
L_0x801d08fa0 .functor BUFT 1, C4<0>, C4<0>, C4<0>, C4<0>;
v0x801c8db00_0 .net *"_s17", 0 0, L_0x801d08fa0;  1 drivers
v0x801c8dba0_0 .net *"_s20", 12 0, L_0x801d032e0;  1 drivers
L_0x801d08fe8 .functor BUFT 1, C4<0>, C4<0>, C4<0>, C4<0>;
v0x801c8dc40_0 .net *"_s23", 0 0, L_0x801d08fe8;  1 drivers
v0x801c8dce0_0 .net *"_s24", 12 0, L_0x801d03380;  1 drivers
L_0x801d09030 .functor BUFT 1, C4<0>, C4<0>, C4<0>, C4<0>;
v0x801c8dd80_0 .net *"_s27", 0 0, L_0x801d09030;  1 drivers
L_0x801d08ec8 .functor BUFT 1, C4<0>, C4<0>, C4<0>, C4<0>;
v0x801c8de20_0 .net *"_s3", 0 0, L_0x801d08ec8;  1 drivers
v0x801c8dec0_0 .net *"_s30", 12 0, L_0x801d034c0;  1 drivers
L_0x801d09078 .functor BUFT 1, C4<0>, C4<0>, C4<0>, C4<0>;
v0x801c8df60_0 .net *"_s33", 0 0, L_0x801d09078;  1 drivers
v0x801cff000_0 .net *"_s34", 12 0, L_0x801d03560;  1 drivers
L_0x801d090c0 .functor BUFT 1, C4<0>, C4<0>, C4<0>, C4<0>;
v0x801cff0a0_0 .net *"_s37", 0 0, L_0x801d090c0;  1 drivers
v0x801cff140_0 .net *"_s4", 12 0, L_0x801d02fc0;  1 drivers
v0x801cff1e0_0 .net *"_s40", 12 0, L_0x801d036a0;  1 drivers
L_0x801d09108 .functor BUFT 1, C4<0>, C4<0>, C4<0>, C4<0>;
v0x801cff280_0 .net *"_s43", 0 0, L_0x801d09108;  1 drivers
v0x801cff320_0 .net *"_s44", 12 0, L_0x801d03740;  1 drivers
L_0x801d09150 .functor BUFT 1, C4<0>, C4<0>, C4<0>, C4<0>;
v0x801cff3c0_0 .net *"_s47", 0 0, L_0x801d09150;  1 drivers
v0x801cff460_0 .net *"_s50", 12 0, L_0x801d03880;  1 drivers
L_0x801d09198 .functor BUFT 1, C4<0>, C4<0>, C4<0>, C4<0>;
v0x801cff500_0 .net *"_s53", 0 0, L_0x801d09198;  1 drivers
v0x801cff5a0_0 .net *"_s54", 12 0, L_0x801d03920;  1 drivers
L_0x801d091e0 .functor BUFT 1, C4<0>, C4<0>, C4<0>, C4<0>;
v0x801cff640_0 .net *"_s57", 0 0, L_0x801d091e0;  1 drivers
v0x801cff6e0_0 .net *"_s60", 12 0, L_0x801d03b00;  1 drivers
L_0x801d09228 .functor BUFT 1, C4<0>, C4<0>, C4<0>, C4<0>;
v0x801cff780_0 .net *"_s63", 0 0, L_0x801d09228;  1 drivers
v0x801cff820_0 .net *"_s64", 12 0, L_0x801d03ba0;  1 drivers
L_0x801d09270 .functor BUFT 1, C4<0>, C4<0>, C4<0>, C4<0>;
v0x801cff8c0_0 .net *"_s67", 0 0, L_0x801d09270;  1 drivers
L_0x801d08f10 .functor BUFT 1, C4<0>, C4<0>, C4<0>, C4<0>;
v0x801cff960_0 .net *"_s7", 0 0, L_0x801d08f10;  1 drivers
v0x801cffa00_0 .net *"_s70", 12 0, L_0x801d039c0;  1 drivers
L_0x801d092b8 .functor BUFT 1, C4<0>, C4<0>, C4<0>, C4<0>;
v0x801cffaa0_0 .net *"_s73", 0 0, L_0x801d092b8;  1 drivers
v0x801cffb40_0 .net *"_s74", 12 0, L_0x801d03ce0;  1 drivers
L_0x801d09300 .functor BUFT 1, C4<0>, C4<0>, C4<0>, C4<0>;
v0x801cffbe0_0 .net *"_s77", 0 0, L_0x801d09300;  1 drivers
v0x801cffc80_0 .net *"_s80", 13 0, L_0x801d03e20;  1 drivers
L_0x801d09348 .functor BUFT 1, C4<0>, C4<0>, C4<0>, C4<0>;
v0x801cffd20_0 .net *"_s83", 0 0, L_0x801d09348;  1 drivers
v0x801cffdc0_0 .net *"_s84", 13 0, L_0x801d03ec0;  1 drivers
L_0x801d09390 .functor BUFT 1, C4<0>, C4<0>, C4<0>, C4<0>;
v0x801cffe60_0 .net *"_s87", 0 0, L_0x801d09390;  1 drivers
v0x801cfff00_0 .net *"_s90", 13 0, L_0x801d59000;  1 drivers
L_0x801d093d8 .functor BUFT 1, C4<0>, C4<0>, C4<0>, C4<0>;
v0x801cfffa0_0 .net *"_s93", 0 0, L_0x801d093d8;  1 drivers
v0x801d00040_0 .net *"_s94", 13 0, L_0x801d590a0;  1 drivers
L_0x801d09420 .functor BUFT 1, C4<0>, C4<0>, C4<0>, C4<0>;
v0x801d000e0_0 .net *"_s97", 0 0, L_0x801d09420;  1 drivers
v0x801d00180_0 .net "data0x", 11 0, v0x801d023e0_0;  alias, 1 drivers
v0x801d00220_0 .net "data10x", 11 0, v0x801d02480_0;  alias, 1 drivers
v0x801d002c0_0 .net "data11x", 11 0, v0x801d02520_0;  alias, 1 drivers
v0x801d00360_0 .net "data12x", 11 0, v0x801d025c0_0;  alias, 1 drivers
v0x801d00400_0 .net "data13x", 11 0, v0x801d02660_0;  alias, 1 drivers
v0x801d004a0_0 .net "data14x", 11 0, v0x801d02700_0;  alias, 1 drivers
v0x801d00540_0 .net "data15x", 11 0, v0x801d027a0_0;  alias, 1 drivers
v0x801d005e0_0 .net "data1x", 11 0, v0x801d02840_0;  alias, 1 drivers
v0x801d00680_0 .net "data2x", 11 0, v0x801d028e0_0;  alias, 1 drivers
v0x801d00720_0 .net "data3x", 11 0, v0x801d02980_0;  alias, 1 drivers
v0x801d007c0_0 .net "data4x", 11 0, v0x801d02a20_0;  alias, 1 drivers
v0x801d00860_0 .net "data5x", 11 0, v0x801d02ac0_0;  alias, 1 drivers
v0x801d00900_0 .net "data6x", 11 0, v0x801d02b60_0;  alias, 1 drivers
v0x801d009a0_0 .net "data7x", 11 0, v0x801d02c00_0;  alias, 1 drivers
v0x801d00a40_0 .net "data8x", 11 0, v0x801d02ca0_0;  alias, 1 drivers
v0x801d00ae0_0 .net "data9x", 11 0, v0x801d02d40_0;  alias, 1 drivers
v0x801d00b80_0 .net "result", 15 0, L_0x801d59aa0;  alias, 1 drivers
v0x801d00c20_0 .net "tmp1_1", 12 0, L_0x801d03060;  1 drivers
v0x801d00cc0_0 .net "tmp1_2", 12 0, L_0x801d03240;  1 drivers
v0x801d00d60_0 .net "tmp1_3", 12 0, L_0x801d03420;  1 drivers
v0x801d00e00_0 .net "tmp1_4", 12 0, L_0x801d03600;  1 drivers
v0x801d00ea0_0 .net "tmp1_5", 12 0, L_0x801d037e0;  1 drivers
v0x801d00f40_0 .net "tmp1_6", 12 0, L_0x801d03a60;  1 drivers
v0x801d00fe0_0 .net "tmp1_7", 12 0, L_0x801d03c40;  1 drivers
v0x801d01080_0 .net "tmp1_8", 12 0, L_0x801d03d80;  1 drivers
v0x801d01120_0 .net "tmp2_1", 13 0, L_0x801d03f60;  1 drivers
v0x801d011c0_0 .net "tmp2_2", 13 0, L_0x801d59140;  1 drivers
v0x801d01260_0 .net "tmp2_3", 13 0, L_0x801d59320;  1 drivers
v0x801d01300_0 .net "tmp2_4", 13 0, L_0x801d59500;  1 drivers
v0x801d013a0_0 .net "tmp3_1", 14 0, L_0x801d596e0;  1 drivers
v0x801d01440_0 .net "tmp3_2", 14 0, L_0x801d598c0;  1 drivers
L_0x801d02f20 .concat [ 12 1 0 0], v0x801d023e0_0, L_0x801d08ec8;
L_0x801d02fc0 .concat [ 12 1 0 0], v0x801d02840_0, L_0x801d08f10;
L_0x801d03060 .arith/sum 13, L_0x801d02f20, L_0x801d02fc0;
L_0x801d03100 .concat [ 12 1 0 0], v0x801d028e0_0, L_0x801d08f58;
L_0x801d031a0 .concat [ 12 1 0 0], v0x801d02980_0, L_0x801d08fa0;
L_0x801d03240 .arith/sum 13, L_0x801d03100, L_0x801d031a0;
L_0x801d032e0 .concat [ 12 1 0 0], v0x801d02a20_0, L_0x801d08fe8;
L_0x801d03380 .concat [ 12 1 0 0], v0x801d02ac0_0, L_0x801d09030;
L_0x801d03420 .arith/sum 13, L_0x801d032e0, L_0x801d03380;
L_0x801d034c0 .concat [ 12 1 0 0], v0x801d02b60_0, L_0x801d09078;
L_0x801d03560 .concat [ 12 1 0 0], v0x801d02c00_0, L_0x801d090c0;
L_0x801d03600 .arith/sum 13, L_0x801d034c0, L_0x801d03560;
L_0x801d036a0 .concat [ 12 1 0 0], v0x801d02ca0_0, L_0x801d09108;
L_0x801d03740 .concat [ 12 1 0 0], v0x801d02d40_0, L_0x801d09150;
L_0x801d037e0 .arith/sum 13, L_0x801d036a0, L_0x801d03740;
L_0x801d03880 .concat [ 12 1 0 0], v0x801d02480_0, L_0x801d09198;
L_0x801d03920 .concat [ 12 1 0 0], v0x801d02520_0, L_0x801d091e0;
L_0x801d03a60 .arith/sum 13, L_0x801d03880, L_0x801d03920;
L_0x801d03b00 .concat [ 12 1 0 0], v0x801d025c0_0, L_0x801d09228;
L_0x801d03ba0 .concat [ 12 1 0 0], v0x801d02660_0, L_0x801d09270;
L_0x801d03c40 .arith/sum 13, L_0x801d03b00, L_0x801d03ba0;
L_0x801d039c0 .concat [ 12 1 0 0], v0x801d02700_0, L_0x801d092b8;
L_0x801d03ce0 .concat [ 12 1 0 0], v0x801d027a0_0, L_0x801d09300;
L_0x801d03d80 .arith/sum 13, L_0x801d039c0, L_0x801d03ce0;
L_0x801d03e20 .concat [ 13 1 0 0], L_0x801d03060, L_0x801d09348;
L_0x801d03ec0 .concat [ 13 1 0 0], L_0x801d03240, L_0x801d09390;
L_0x801d03f60 .arith/sum 14, L_0x801d03e20, L_0x801d03ec0;
L_0x801d59000 .concat [ 13 1 0 0], L_0x801d03420, L_0x801d093d8;
L_0x801d590a0 .concat [ 13 1 0 0], L_0x801d03600, L_0x801d09420;
L_0x801d59140 .arith/sum 14, L_0x801d59000, L_0x801d590a0;
L_0x801d591e0 .concat [ 13 1 0 0], L_0x801d037e0, L_0x801d09468;
L_0x801d59280 .concat [ 13 1 0 0], L_0x801d03a60, L_0x801d094b0;
L_0x801d59320 .arith/sum 14, L_0x801d591e0, L_0x801d59280;
L_0x801d593c0 .concat [ 13 1 0 0], L_0x801d03c40, L_0x801d094f8;
L_0x801d59460 .concat [ 13 1 0 0], L_0x801d03d80, L_0x801d09540;
L_0x801d59500 .arith/sum 14, L_0x801d593c0, L_0x801d59460;
L_0x801d595a0 .concat [ 14 1 0 0], L_0x801d03f60, L_0x801d09588;
L_0x801d59640 .concat [ 14 1 0 0], L_0x801d59140, L_0x801d095d0;
L_0x801d596e0 .arith/sum 15, L_0x801d595a0, L_0x801d59640;
L_0x801d59780 .concat [ 14 1 0 0], L_0x801d59320, L_0x801d09618;
L_0x801d59820 .concat [ 14 1 0 0], L_0x801d59500, L_0x801d09660;
L_0x801d598c0 .arith/sum 15, L_0x801d59780, L_0x801d59820;
L_0x801d59960 .concat [ 15 1 0 0], L_0x801d596e0, L_0x801d096a8;
L_0x801d59a00 .concat [ 15 1 0 0], L_0x801d598c0, L_0x801d096f0;
L_0x801d59aa0 .arith/sum 16, L_0x801d59960, L_0x801d59a00;
S_0x801c92a80 .scope task, "wait_for_next_clock" "wait_for_next_clock" 2 56, 2 56 0, S_0x801c92480;
 .timescale -9 -9;
E_0x801c79680 .event posedge, v0x801c89000_0;
TD_op2_test.wait_for_next_clock ;
    %wait E_0x801c79680;
    %load/vec4 v0x801d02340_0;
    %pad/s 64;
    %muli 1, 0, 64;
    %ix/vec4 4;
    %delayx 4;
    %end;
    .scope S_0x801c92780;
T_2 ;
    %wait E_0x801c796b0;
    %load/vec4 v0x801d02020_0;
    %nor/r;
    %flag_set/vec4 8;
    %jmp/0xz  T_2.0, 8;
    %pushi/vec4 0, 0, 16;
    %assign/vec4 v0x801d02160_0, 0;
    %jmp T_2.1;
T_2.0 ;
    %load/vec4 v0x801d020c0_0;
    %assign/vec4 v0x801d02160_0, 0;
T_2.1 ;
    %jmp T_2;
    .thread T_2;
    .scope S_0x801c92480;
T_3 ;
    %pushi/vec4 100, 0, 32;
    %store/vec4 v0x801d022a0_0, 0, 32;
    %pushi/vec4 10, 0, 32;
    %store/vec4 v0x801d02340_0, 0, 32;
    %end;
    .thread T_3;
    .scope S_0x801c92480;
T_4 ;
    %pushi/vec4 1, 0, 1;
    %store/vec4 v0x801c890a0_0, 0, 1;
    %load/vec4 v0x801d022a0_0;
    %pushi/vec4 2, 0, 32;
    %div/s;
    %pad/s 64;
    %muli 1, 0, 64;
    %ix/vec4 4;
    %delayx 4;
    %pushi/vec4 0, 0, 1;
    %store/vec4 v0x801c890a0_0, 0, 1;
    %load/vec4 v0x801d022a0_0;
    %pushi/vec4 2, 0, 32;
    %div/s;
    %pad/s 64;
    %muli 1, 0, 64;
    %ix/vec4 4;
    %delayx 4;
    %jmp T_4;
    .thread T_4;
    .scope S_0x801c92480;
T_5 ;
    %fork TD_op2_test.do_reset, S_0x801c92600;
    %join;
    %vpi_call 2 137 "$display", "result = %16d", v0x801d02e80_0 {0 0 0};
    %pushi/vec4 0, 0, 12;
    %store/vec4 v0x801d023e0_0, 0, 12;
    %pushi/vec4 1, 0, 12;
    %store/vec4 v0x801d02840_0, 0, 12;
    %pushi/vec4 2, 0, 12;
    %store/vec4 v0x801d028e0_0, 0, 12;
    %pushi/vec4 3, 0, 12;
    %store/vec4 v0x801d02980_0, 0, 12;
    %pushi/vec4 4, 0, 12;
    %store/vec4 v0x801d02a20_0, 0, 12;
    %pushi/vec4 5, 0, 12;
    %store/vec4 v0x801d02ac0_0, 0, 12;
    %pushi/vec4 6, 0, 12;
    %store/vec4 v0x801d02b60_0, 0, 12;
    %pushi/vec4 7, 0, 12;
    %store/vec4 v0x801d02c00_0, 0, 12;
    %pushi/vec4 8, 0, 12;
    %store/vec4 v0x801d02ca0_0, 0, 12;
    %pushi/vec4 9, 0, 12;
    %store/vec4 v0x801d02d40_0, 0, 12;
    %pushi/vec4 10, 0, 12;
    %store/vec4 v0x801d02480_0, 0, 12;
    %pushi/vec4 11, 0, 12;
    %store/vec4 v0x801d02520_0, 0, 12;
    %pushi/vec4 12, 0, 12;
    %store/vec4 v0x801d025c0_0, 0, 12;
    %pushi/vec4 13, 0, 12;
    %store/vec4 v0x801d02660_0, 0, 12;
    %pushi/vec4 14, 0, 12;
    %store/vec4 v0x801d02700_0, 0, 12;
    %pushi/vec4 15, 0, 12;
    %store/vec4 v0x801d027a0_0, 0, 12;
    %fork TD_op2_test.wait_for_next_clock, S_0x801c92a80;
    %join;
    %vpi_call 2 158 "$display", "result = %16d", v0x801d02e80_0 {0 0 0};
    %vpi_call 2 160 "$finish" {0 0 0};
    %end;
    .thread T_5;
# The file index is used to find the file name in the following table.
:file_names 4;
    "N/A";
    "<interactive>";
    "op2_test.v";
    "op2.v";
